{"/Users/cong.tranvt/Documents/dev-sec-ops/invoice-api/src/transaction.controller.ts": {"path":"/Users/cong.tranvt/Documents/dev-sec-ops/invoice-api/src/transaction.controller.ts","statementMap":{"0":{"start":{"line":1,"column":0},"end":{"line":1,"column":170}},"1":{"start":{"line":2,"column":0},"end":{"line":2,"column":46}},"2":{"start":{"line":4,"column":15},"end":{"line":4,"column":33}},"3":{"start":{"line":8,"column":7},"end":{"line":14,"column":null}},"4":{"start":{"line":10,"column":20},"end":{"line":10,"column":55}},"5":{"start":{"line":12,"column":4},"end":{"line":12,"column":29}},"6":{"start":{"line":8,"column":13},"end":{"line":8,"column":26}},"7":{"start":{"line":8,"column":13},"end":{"line":14,"column":null}},"8":{"start":{"line":17,"column":34},"end":{"line":61,"column":null}},"9":{"start":{"line":18,"column":19},"end":{"line":18,"column":67}},"10":{"start":{"line":21,"column":19},"end":{"line":21,"column":64}},"11":{"start":{"line":25,"column":4},"end":{"line":35,"column":5}},"12":{"start":{"line":27,"column":21},"end":{"line":29,"column":8}},"13":{"start":{"line":30,"column":6},"end":{"line":30,"column":20}},"14":{"start":{"line":33,"column":6},"end":{"line":33,"column":75}},"15":{"start":{"line":34,"column":6},"end":{"line":34,"column":84}},"16":{"start":{"line":43,"column":33},"end":{"line":43,"column":88}},"17":{"start":{"line":44,"column":26},"end":{"line":44,"column":74}},"18":{"start":{"line":46,"column":4},"end":{"line":48,"column":5}},"19":{"start":{"line":47,"column":6},"end":{"line":47,"column":69}},"20":{"start":{"line":50,"column":30},"end":{"line":50,"column":66}},"21":{"start":{"line":51,"column":23},"end":{"line":51,"column":46}},"22":{"start":{"line":53,"column":4},"end":{"line":53,"column":122}},"23":{"start":{"line":55,"column":4},"end":{"line":59,"column":6}},"24":{"start":{"line":17,"column":13},"end":{"line":17,"column":34}},"25":{"start":{"line":24,"column":8},"end":{"line":36,"column":null}},"26":{"start":{"line":41,"column":8},"end":{"line":60,"column":null}},"27":{"start":{"line":17,"column":13},"end":{"line":61,"column":null}}},"fnMap":{"0":{"name":"(anonymous_4)","decl":{"start":{"line":9,"column":2},"end":{"line":9,"column":13}},"loc":{"start":{"line":9,"column":39},"end":{"line":13,"column":3}}},"1":{"name":"(anonymous_5)","decl":{"start":{"line":17,"column":7},"end":{"line":17,"column":13}},"loc":{"start":{"line":17,"column":7},"end":{"line":61,"column":1}}},"2":{"name":"(anonymous_6)","decl":{"start":{"line":24,"column":2},"end":{"line":24,"column":7}},"loc":{"start":{"line":24,"column":58},"end":{"line":36,"column":3}}},"3":{"name":"(anonymous_7)","decl":{"start":{"line":41,"column":2},"end":{"line":41,"column":7}},"loc":{"start":{"line":41,"column":39},"end":{"line":60,"column":3}}}},"branchMap":{"0":{"loc":{"start":{"line":46,"column":4},"end":{"line":48,"column":5}},"type":"if","locations":[{"start":{"line":46,"column":4},"end":{"line":48,"column":5}}]}},"s":{"0":1,"1":1,"2":1,"3":1,"4":1,"5":1,"6":1,"7":1,"8":1,"9":6,"10":6,"11":2,"12":2,"13":1,"14":1,"15":1,"16":2,"17":2,"18":2,"19":1,"20":1,"21":1,"22":1,"23":1,"24":1,"25":1,"26":1,"27":1},"f":{"0":1,"1":6,"2":2,"3":2},"b":{"0":[1]}}
,"/Users/cong.tranvt/Documents/dev-sec-ops/invoice-api/src/health/health.controller.ts": {"path":"/Users/cong.tranvt/Documents/dev-sec-ops/invoice-api/src/health/health.controller.ts","statementMap":{"0":{"start":{"line":1,"column":0},"end":{"line":1,"column":76}},"1":{"start":{"line":2,"column":0},"end":{"line":2,"column":57}},"2":{"start":{"line":5,"column":7},"end":{"line":28,"column":null}},"3":{"start":{"line":6,"column":31},"end":{"line":6,"column":39}},"4":{"start":{"line":10,"column":4},"end":{"line":26,"column":5}},"5":{"start":{"line":11,"column":6},"end":{"line":11,"column":44}},"6":{"start":{"line":12,"column":6},"end":{"line":16,"column":8}},"7":{"start":{"line":18,"column":6},"end":{"line":25,"column":8}},"8":{"start":{"line":5,"column":13},"end":{"line":5,"column":29}},"9":{"start":{"line":9,"column":8},"end":{"line":27,"column":null}},"10":{"start":{"line":5,"column":13},"end":{"line":28,"column":null}}},"fnMap":{"0":{"name":"(anonymous_2)","decl":{"start":{"line":6,"column":2},"end":{"line":6,"column":31}},"loc":{"start":{"line":6,"column":52},"end":{"line":6,"column":56}}},"1":{"name":"(anonymous_3)","decl":{"start":{"line":9,"column":2},"end":{"line":9,"column":7}},"loc":{"start":{"line":9,"column":13},"end":{"line":27,"column":3}}}},"branchMap":{},"s":{"0":1,"1":1,"2":1,"3":3,"4":2,"5":2,"6":1,"7":1,"8":1,"9":1,"10":1},"f":{"0":3,"1":2},"b":{}}
}
