TN:
SF:src/transaction.controller.ts
FN:9,(anonymous_4)
FN:17,(anonymous_5)
FN:24,(anonymous_6)
FN:41,(anonymous_7)
FNF:4
FNH:4
FNDA:1,(anonymous_4)
FNDA:6,(anonymous_5)
FNDA:2,(anonymous_6)
FNDA:2,(anonymous_7)
DA:1,1
DA:2,1
DA:4,1
DA:8,1
DA:10,1
DA:12,1
DA:17,1
DA:18,6
DA:21,6
DA:24,1
DA:25,2
DA:27,2
DA:30,1
DA:33,1
DA:34,1
DA:41,1
DA:43,2
DA:44,2
DA:46,2
DA:47,1
DA:50,1
DA:51,1
DA:53,1
DA:55,1
LF:24
LH:24
BRDA:46,0,0,1
BRF:1
BRH:1
end_of_record
TN:
SF:src/health/health.controller.ts
FN:6,(anonymous_2)
FN:9,(anonymous_3)
FNF:2
FNH:2
FNDA:3,(anonymous_2)
FNDA:2,(anonymous_3)
DA:1,1
DA:2,1
DA:5,1
DA:6,3
DA:9,1
DA:10,2
DA:11,2
DA:12,1
DA:18,1
LF:9
LH:9
BRF:0
BRH:0
end_of_record
